[DEBUG]: PropertyGenericData changed base datatype.
[DEBUG]: Make a link (0) :-:=:-: From (Time Node #0:1) to (Math Node #0:3)
[DEBUG]: PropertyGenericData changed base datatype.
[DEBUG]: Make a link (0) :-:=:-: From (Value Node #0:2) to (Math Node #0:3)
[DEBUG]: Make a link (0) :-:=:-: From (Math Node #0:3) to (Function Node #0:0)
[DEBUG]: PropertyGenericData changed base datatype.
[ERROR]: Function evaluation failed: Unexpected operator "^" found at position 2
[ERROR]: Function evaluation failed: Unexpected operator "^" found at position 2
[ERROR]: Function evaluation failed: Unexpected operator "^" found at position 2
[ERROR]: Function evaluation failed: Unexpected operator "^" found at position 2
[ERROR]: Function evaluation failed: Unexpected operator "^" found at position 2
[ERROR]: Function evaluation failed: Unexpected operator "^" found at position 2
[ERROR]: Function evaluation failed: Unexpected operator "^" found at position 2
[ERROR]: Function evaluation failed: Unexpected operator "^" found at position 2
[ERROR]: Function evaluation failed: Unexpected operator "^" found at position 2
[ERROR]: Function evaluation failed: Unexpected operator "^" found at position 2
[ERROR]: Function evaluation failed: Unexpected operator "^" found at position 2
[ERROR]: Function evaluation failed: Unexpected operator "^" found at position 2
[ERROR]: Function evaluation failed: Unexpected operator "^" found at position 2
[ERROR]: Function evaluation failed: Unexpected operator "^" found at position 2
[ERROR]: Function evaluation failed: Unexpected operator "^" found at position 2
[ERROR]: Function evaluation failed: Unexpected operator "^" found at position 2
[ERROR]: Function evaluation failed: Unexpected operator "^" found at position 2
[ERROR]: Function evaluation failed: Unexpected operator "^" found at position 2
[ERROR]: Function evaluation failed: Unexpected operator "^" found at position 2
[ERROR]: Function evaluation failed: Unexpected operator "^" found at position 2
[ERROR]: Function evaluation failed: Unexpected operator "^" found at position 2
[ERROR]: Function evaluation failed: Unexpected operator "^" found at position 2
[ERROR]: Function evaluation failed: Unexpected operator "^" found at position 2
[ERROR]: Function evaluation failed: Unexpected operator "^" found at position 2
[ERROR]: Function evaluation failed: Unexpected operator "^" found at position 2
[ERROR]: Function evaluation failed: Unexpected operator "^" found at position 2
[ERROR]: Function evaluation failed: Unexpected operator "^" found at position 2
[ERROR]: Function evaluation failed: Unexpected operator "^" found at position 2
[ERROR]: Function evaluation failed: Unexpected operator "^" found at position 2
[ERROR]: Function evaluation failed: Unexpected operator "^" found at position 2
[ERROR]: Function evaluation failed: Unexpected operator "^" found at position 2
[ERROR]: Function evaluation failed: Unexpected operator "^" found at position 2
[ERROR]: Function evaluation failed: Unexpected operator "^" found at position 2
[ERROR]: Function evaluation failed: Unexpected operator "^" found at position 2
[ERROR]: Function evaluation failed: Unexpected operator "^" found at position 2
[ERROR]: Function evaluation failed: Unexpected operator "^" found at position 2
[ERROR]: Function evaluation failed: Unexpected operator "^" found at position 2
[ERROR]: Function evaluation failed: Unexpected operator "^" found at position 2
[ERROR]: Function evaluation failed: Unexpected operator "^" found at position 2
[ERROR]: Function evaluation failed: Unexpected operator "^" found at position 2
[ERROR]: Function evaluation failed: Unexpected operator "^" found at position 2
[ERROR]: Function evaluation failed: Unexpected end of expression at position 3
[ERROR]: Function evaluation failed: Unexpected end of expression at position 3
[ERROR]: Function evaluation failed: Unexpected end of expression at position 3
[ERROR]: Function evaluation failed: Unexpected end of expression at position 3
[ERROR]: Function evaluation failed: Unexpected end of expression at position 3
[ERROR]: Function evaluation failed: Unexpected end of expression at position 3
[ERROR]: Function evaluation failed: Unexpected end of expression at position 3
